2026-02-27 18:43:25 [info] : Redis connection established
2026-02-27 18:43:25 [error] : Error: Unknown database 'SCAFFSNAPP_SUBADMIN'
    at Packet.asError (/home/hritikbhadauria/scaffSnapp_microservices/services/subAdminService/node_modules/mysql2/lib/packets/packet.js:739:17)
    at ClientHandshake.execute (/home/hritikbhadauria/scaffSnapp_microservices/services/subAdminService/node_modules/mysql2/lib/commands/command.js:29:26)
    at PoolConnection.handlePacket (/home/hritikbhadauria/scaffSnapp_microservices/services/subAdminService/node_modules/mysql2/lib/base/connection.js:508:34)
    at PacketParser.onPacket (/home/hritikbhadauria/scaffSnapp_microservices/services/subAdminService/node_modules/mysql2/lib/base/connection.js:93:12)
    at PacketParser.executeStart (/home/hritikbhadauria/scaffSnapp_microservices/services/subAdminService/node_modules/mysql2/lib/packet_parser.js:75:16)
    at Socket.<anonymous> (/home/hritikbhadauria/scaffSnapp_microservices/services/subAdminService/node_modules/mysql2/lib/base/connection.js:100:25)
    at Socket.emit (node:events:524:28)
    at Socket.emit (node:domain:489:12)
    at addChunk (node:internal/streams/readable:561:12)
    at readableAddChunkPushByteMode (node:internal/streams/readable:512:3)
2026-02-27 18:43:25 [info] : Redis ready to use
2026-02-27 18:44:58 [info] : Redis connection established
2026-02-27 18:44:58 [info] : Redis ready to use
2026-02-27 18:44:59 [info] : Starting infrastructure initialization...
2026-02-27 18:44:59 [info] : Redis connected successfully
2026-02-27 18:44:59 [info] : Kafka producer connected
2026-02-27 18:44:59 [info] : Kafka connected successfully
2026-02-27 18:44:59 [info] : All infrastructure initialized successfully ✅
2026-02-27 18:44:59 [info] : subadmin-service is running on http://localhost:3002
2026-02-27 18:49:35 [info] : Received SIGINT. Starting graceful shutdown...
2026-02-27 18:49:35 [info] : HTTP server closed 1
2026-02-27 18:49:35 [info] : Database connection closed 1
2026-02-27 18:49:59 [info] : Redis connection established
2026-02-27 18:49:59 [error] : Error: Unknown database 'SCAFFSNAPP_SUBADMIN'
    at Packet.asError (/home/hritikbhadauria/scaffSnapp_microservices/services/subAdminService/node_modules/mysql2/lib/packets/packet.js:739:17)
    at ClientHandshake.execute (/home/hritikbhadauria/scaffSnapp_microservices/services/subAdminService/node_modules/mysql2/lib/commands/command.js:29:26)
    at PoolConnection.handlePacket (/home/hritikbhadauria/scaffSnapp_microservices/services/subAdminService/node_modules/mysql2/lib/base/connection.js:508:34)
    at PacketParser.onPacket (/home/hritikbhadauria/scaffSnapp_microservices/services/subAdminService/node_modules/mysql2/lib/base/connection.js:93:12)
    at PacketParser.executeStart (/home/hritikbhadauria/scaffSnapp_microservices/services/subAdminService/node_modules/mysql2/lib/packet_parser.js:75:16)
    at Socket.<anonymous> (/home/hritikbhadauria/scaffSnapp_microservices/services/subAdminService/node_modules/mysql2/lib/base/connection.js:100:25)
    at Socket.emit (node:events:524:28)
    at Socket.emit (node:domain:489:12)
    at addChunk (node:internal/streams/readable:561:12)
    at readableAddChunkPushByteMode (node:internal/streams/readable:512:3)
2026-02-27 18:49:59 [info] : Redis ready to use
2026-02-27 18:52:37 [info] : Redis connection established
2026-02-27 18:52:37 [info] : Redis ready to use
2026-02-27 18:52:38 [info] : Starting infrastructure initialization...
2026-02-27 18:52:38 [info] : Redis connected successfully
2026-02-27 18:52:38 [info] : Kafka producer connected
2026-02-27 18:52:38 [info] : Kafka connected successfully
2026-02-27 18:52:38 [info] : All infrastructure initialized successfully ✅
2026-02-27 18:52:38 [info] : subadmin-service is running on http://localhost:3002
