2026-02-26 14:59:08 [error] : QueryFailedError: Table 'super_admin_credentials' already exists
    at Query.onResult (/home/hritikbhadauria/scaffSnapp_microservices/services/superAdminServices/src/driver/mysql/MysqlQueryRunner.ts:248:33)
    at Query.execute (/home/hritikbhadauria/scaffSnapp_microservices/services/superAdminServices/node_modules/mysql2/lib/commands/command.js:36:14)
    at PoolConnection.handlePacket (/home/hritikbhadauria/scaffSnapp_microservices/services/superAdminServices/node_modules/mysql2/lib/base/connection.js:508:34)
    at PacketParser.onPacket (/home/hritikbhadauria/scaffSnapp_microservices/services/superAdminServices/node_modules/mysql2/lib/base/connection.js:93:12)
    at PacketParser.executeStart (/home/hritikbhadauria/scaffSnapp_microservices/services/superAdminServices/node_modules/mysql2/lib/packet_parser.js:75:16)
    at Socket.<anonymous> (/home/hritikbhadauria/scaffSnapp_microservices/services/superAdminServices/node_modules/mysql2/lib/base/connection.js:100:25)
    at Socket.emit (node:events:524:28)
    at addChunk (node:internal/streams/readable:561:12)
    at readableAddChunkPushByteMode (node:internal/streams/readable:512:3)
    at Socket.Readable.push (node:internal/streams/readable:392:5)
2026-02-26 15:23:02 [error] : QueryFailedError: Table 'device_sessions' already exists
    at Query.onResult (/home/hritikbhadauria/scaffSnapp_microservices/services/superAdminServices/node_modules/typeorm/src/driver/mysql/MysqlQueryRunner.ts:248:33)
    at Query.execute (/home/hritikbhadauria/scaffSnapp_microservices/services/superAdminServices/node_modules/mysql2/lib/commands/command.js:36:14)
    at PoolConnection.handlePacket (/home/hritikbhadauria/scaffSnapp_microservices/services/superAdminServices/node_modules/mysql2/lib/base/connection.js:508:34)
    at PacketParser.onPacket (/home/hritikbhadauria/scaffSnapp_microservices/services/superAdminServices/node_modules/mysql2/lib/base/connection.js:93:12)
    at PacketParser.executeStart (/home/hritikbhadauria/scaffSnapp_microservices/services/superAdminServices/node_modules/mysql2/lib/packet_parser.js:75:16)
    at Socket.<anonymous> (/home/hritikbhadauria/scaffSnapp_microservices/services/superAdminServices/node_modules/mysql2/lib/base/connection.js:100:25)
    at Socket.emit (node:events:524:28)
    at Socket.emit (node:domain:489:12)
    at addChunk (node:internal/streams/readable:561:12)
    at readableAddChunkPushByteMode (node:internal/streams/readable:512:3)
2026-02-26 15:23:26 [error] : QueryFailedError: Duplicate foreign key constraint name 'FK_336070a77b04552cd1640dc56a7'
    at Query.onResult (/home/hritikbhadauria/scaffSnapp_microservices/services/superAdminServices/node_modules/typeorm/src/driver/mysql/MysqlQueryRunner.ts:248:33)
    at Query.execute (/home/hritikbhadauria/scaffSnapp_microservices/services/superAdminServices/node_modules/mysql2/lib/commands/command.js:36:14)
    at PoolConnection.handlePacket (/home/hritikbhadauria/scaffSnapp_microservices/services/superAdminServices/node_modules/mysql2/lib/base/connection.js:508:34)
    at PacketParser.onPacket (/home/hritikbhadauria/scaffSnapp_microservices/services/superAdminServices/node_modules/mysql2/lib/base/connection.js:93:12)
    at PacketParser.executeStart (/home/hritikbhadauria/scaffSnapp_microservices/services/superAdminServices/node_modules/mysql2/lib/packet_parser.js:75:16)
    at Socket.<anonymous> (/home/hritikbhadauria/scaffSnapp_microservices/services/superAdminServices/node_modules/mysql2/lib/base/connection.js:100:25)
    at Socket.emit (node:events:524:28)
    at Socket.emit (node:domain:489:12)
    at addChunk (node:internal/streams/readable:561:12)
    at readableAddChunkPushByteMode (node:internal/streams/readable:512:3)
2026-02-26 16:28:41 [error] : Error: Access denied for user ''@'172.18.0.1' (using password: NO)
    at Packet.asError (/home/hritikbhadauria/scaffSnapp_microservices/services/superAdminServices/node_modules/mysql2/lib/packets/packet.js:739:17)
    at ClientHandshake.execute (/home/hritikbhadauria/scaffSnapp_microservices/services/superAdminServices/node_modules/mysql2/lib/commands/command.js:29:26)
    at PoolConnection.handlePacket (/home/hritikbhadauria/scaffSnapp_microservices/services/superAdminServices/node_modules/mysql2/lib/base/connection.js:508:34)
    at PacketParser.onPacket (/home/hritikbhadauria/scaffSnapp_microservices/services/superAdminServices/node_modules/mysql2/lib/base/connection.js:93:12)
    at PacketParser.executeStart (/home/hritikbhadauria/scaffSnapp_microservices/services/superAdminServices/node_modules/mysql2/lib/packet_parser.js:75:16)
    at Socket.<anonymous> (/home/hritikbhadauria/scaffSnapp_microservices/services/superAdminServices/node_modules/mysql2/lib/base/connection.js:100:25)
    at Socket.emit (node:events:524:28)
    at Socket.emit (node:domain:489:12)
    at addChunk (node:internal/streams/readable:561:12)
    at readableAddChunkPushByteMode (node:internal/streams/readable:512:3)
2026-02-26 16:39:22 [error] : Error: Access denied for user ''@'172.18.0.1' (using password: NO)
    at Packet.asError (/home/hritikbhadauria/scaffSnapp_microservices/services/superAdminServices/node_modules/mysql2/lib/packets/packet.js:739:17)
    at ClientHandshake.execute (/home/hritikbhadauria/scaffSnapp_microservices/services/superAdminServices/node_modules/mysql2/lib/commands/command.js:29:26)
    at PoolConnection.handlePacket (/home/hritikbhadauria/scaffSnapp_microservices/services/superAdminServices/node_modules/mysql2/lib/base/connection.js:508:34)
    at PacketParser.onPacket (/home/hritikbhadauria/scaffSnapp_microservices/services/superAdminServices/node_modules/mysql2/lib/base/connection.js:93:12)
    at PacketParser.executeStart (/home/hritikbhadauria/scaffSnapp_microservices/services/superAdminServices/node_modules/mysql2/lib/packet_parser.js:75:16)
    at Socket.<anonymous> (/home/hritikbhadauria/scaffSnapp_microservices/services/superAdminServices/node_modules/mysql2/lib/base/connection.js:100:25)
    at Socket.emit (node:events:524:28)
    at Socket.emit (node:domain:489:12)
    at addChunk (node:internal/streams/readable:561:12)
    at readableAddChunkPushByteMode (node:internal/streams/readable:512:3)
2026-02-26 17:06:00 [error] : Error: Access denied for user ''@'172.18.0.1' (using password: NO)
    at Packet.asError (/home/hritikbhadauria/scaffSnapp_microservices/services/superAdminServices/node_modules/mysql2/lib/packets/packet.js:739:17)
    at ClientHandshake.execute (/home/hritikbhadauria/scaffSnapp_microservices/services/superAdminServices/node_modules/mysql2/lib/commands/command.js:29:26)
    at PoolConnection.handlePacket (/home/hritikbhadauria/scaffSnapp_microservices/services/superAdminServices/node_modules/mysql2/lib/base/connection.js:508:34)
    at PacketParser.onPacket (/home/hritikbhadauria/scaffSnapp_microservices/services/superAdminServices/node_modules/mysql2/lib/base/connection.js:93:12)
    at PacketParser.executeStart (/home/hritikbhadauria/scaffSnapp_microservices/services/superAdminServices/node_modules/mysql2/lib/packet_parser.js:75:16)
    at Socket.<anonymous> (/home/hritikbhadauria/scaffSnapp_microservices/services/superAdminServices/node_modules/mysql2/lib/base/connection.js:100:25)
    at Socket.emit (node:events:524:28)
    at Socket.emit (node:domain:489:12)
    at addChunk (node:internal/streams/readable:561:12)
    at readableAddChunkPushByteMode (node:internal/streams/readable:512:3)
2026-02-26 17:08:42 [error] : Error: Access denied for user ''@'172.18.0.1' (using password: NO)
    at Packet.asError (/home/hritikbhadauria/scaffSnapp_microservices/services/superAdminServices/node_modules/mysql2/lib/packets/packet.js:739:17)
    at ClientHandshake.execute (/home/hritikbhadauria/scaffSnapp_microservices/services/superAdminServices/node_modules/mysql2/lib/commands/command.js:29:26)
    at PoolConnection.handlePacket (/home/hritikbhadauria/scaffSnapp_microservices/services/superAdminServices/node_modules/mysql2/lib/base/connection.js:508:34)
    at PacketParser.onPacket (/home/hritikbhadauria/scaffSnapp_microservices/services/superAdminServices/node_modules/mysql2/lib/base/connection.js:93:12)
    at PacketParser.executeStart (/home/hritikbhadauria/scaffSnapp_microservices/services/superAdminServices/node_modules/mysql2/lib/packet_parser.js:75:16)
    at Socket.<anonymous> (/home/hritikbhadauria/scaffSnapp_microservices/services/superAdminServices/node_modules/mysql2/lib/base/connection.js:100:25)
    at Socket.emit (node:events:524:28)
    at Socket.emit (node:domain:489:12)
    at addChunk (node:internal/streams/readable:561:12)
    at readableAddChunkPushByteMode (node:internal/streams/readable:512:3)
